<?xml version="1.0" encoding="UTF-8"?>
<!-- Generated by org.testng.reporters.JUnitXMLReporter -->
<testsuite ignored="0" hostname="Nareshs-MacBook-Air.local" failures="1" tests="1" name="checkout-safari" time="0.005" errors="0" timestamp="09 Mar 2024 11:13:21 GMT">
  <testcase classname="com.ebay.tests.CheckoutTest" name="checkoutItems" time="0.003">
    <failure type="java.lang.IllegalArgumentException" message="Capabilities must be set">
      <![CDATA[java.lang.IllegalArgumentException: Capabilities must be set
at org.openqa.selenium.internal.Require.nonNull(Require.java:60)
at org.openqa.selenium.remote.RemoteWebDriver.<init>(RemoteWebDriver.java:144)
at com.ebay.utils.Utils.getDriver(Utils.java:34)
at com.ebay.tests.CheckoutTest.checkoutItems(CheckoutTest.java:25)
at java.base/java.util.concurrent.FutureTask.run(FutureTask.java:264)
at java.base/java.util.concurrent.ThreadPoolExecutor.runWorker(ThreadPoolExecutor.java:1136)
at java.base/java.util.concurrent.ThreadPoolExecutor$Worker.run(ThreadPoolExecutor.java:635)
at java.base/java.lang.Thread.run(Thread.java:842)
... Removed 16 stack frames]]>
    </failure>
  </testcase> <!-- checkoutItems -->
</testsuite> <!-- checkout-safari -->
